2023/11/26 00:25:15 [notice] 1#1: using the "epoll" event method
2023/11/26 00:25:15 [notice] 1#1: nginx/1.21.6
2023/11/26 00:25:15 [notice] 1#1: built by gcc 10.2.1 20210110 (Debian 10.2.1-6) 
2023/11/26 00:25:15 [notice] 1#1: OS: Linux 5.15.49-linuxkit
2023/11/26 00:25:15 [notice] 1#1: getrlimit(RLIMIT_NOFILE): 1048576:1048576
2023/11/26 00:25:15 [notice] 1#1: start worker processes
2023/11/26 00:25:15 [notice] 1#1: start worker process 29
2023/11/26 00:25:15 [notice] 1#1: start worker process 30
2023/11/26 00:25:15 [notice] 1#1: start worker process 31
2023/11/26 00:25:15 [notice] 1#1: start worker process 32
2023/11/26 00:29:11 [notice] 1#1: signal 3 (SIGQUIT) received, shutting down
2023/11/26 00:29:11 [notice] 29#29: gracefully shutting down
2023/11/26 00:29:11 [notice] 31#31: gracefully shutting down
2023/11/26 00:29:11 [notice] 31#31: exiting
2023/11/26 00:29:11 [notice] 32#32: gracefully shutting down
2023/11/26 00:29:11 [notice] 32#32: exiting
2023/11/26 00:29:11 [notice] 30#30: gracefully shutting down
2023/11/26 00:29:11 [notice] 29#29: exiting
2023/11/26 00:29:11 [notice] 31#31: exit
2023/11/26 00:29:11 [notice] 32#32: exit
2023/11/26 00:29:11 [notice] 30#30: exiting
2023/11/26 00:29:11 [notice] 30#30: exit
2023/11/26 00:29:11 [notice] 29#29: exit
2023/11/26 00:29:11 [notice] 1#1: signal 17 (SIGCHLD) received from 32
2023/11/26 00:29:11 [notice] 1#1: worker process 31 exited with code 0
2023/11/26 00:29:11 [notice] 1#1: worker process 32 exited with code 0
2023/11/26 00:29:11 [notice] 1#1: signal 29 (SIGIO) received
2023/11/26 00:29:11 [notice] 1#1: signal 17 (SIGCHLD) received from 31
2023/11/26 00:29:11 [notice] 1#1: signal 17 (SIGCHLD) received from 30
2023/11/26 00:29:11 [notice] 1#1: worker process 30 exited with code 0
2023/11/26 00:29:11 [notice] 1#1: signal 29 (SIGIO) received
2023/11/26 00:29:11 [notice] 1#1: signal 17 (SIGCHLD) received from 29
2023/11/26 00:29:11 [notice] 1#1: worker process 29 exited with code 0
2023/11/26 00:29:11 [notice] 1#1: exit
2023/11/26 00:30:06 [notice] 1#1: using the "epoll" event method
2023/11/26 00:30:06 [notice] 1#1: nginx/1.21.6
2023/11/26 00:30:06 [notice] 1#1: built by gcc 10.2.1 20210110 (Debian 10.2.1-6) 
2023/11/26 00:30:06 [notice] 1#1: OS: Linux 5.15.49-linuxkit
2023/11/26 00:30:06 [notice] 1#1: getrlimit(RLIMIT_NOFILE): 1048576:1048576
2023/11/26 00:30:06 [notice] 1#1: start worker processes
2023/11/26 00:30:06 [notice] 1#1: start worker process 31
2023/11/26 00:30:06 [notice] 1#1: start worker process 32
2023/11/26 00:30:06 [notice] 1#1: start worker process 33
2023/11/26 00:30:06 [notice] 1#1: start worker process 34
2023/11/26 13:26:25 [notice] 1#1: signal 3 (SIGQUIT) received, shutting down
2023/11/26 13:26:25 [notice] 31#31: gracefully shutting down
2023/11/26 13:26:25 [notice] 31#31: exiting
2023/11/26 13:26:25 [notice] 33#33: gracefully shutting down
2023/11/26 13:26:25 [notice] 32#32: gracefully shutting down
2023/11/26 13:26:25 [notice] 34#34: gracefully shutting down
2023/11/26 13:26:25 [notice] 32#32: exiting
2023/11/26 13:26:25 [notice] 31#31: exit
2023/11/26 13:26:25 [notice] 33#33: exiting
2023/11/26 13:26:25 [notice] 34#34: exiting
2023/11/26 13:26:25 [notice] 34#34: exit
2023/11/26 13:26:25 [notice] 32#32: exit
2023/11/26 13:26:25 [notice] 33#33: exit
2023/11/26 13:26:25 [notice] 1#1: signal 17 (SIGCHLD) received from 31
2023/11/26 13:26:25 [notice] 1#1: worker process 31 exited with code 0
2023/11/26 13:26:25 [notice] 1#1: signal 29 (SIGIO) received
2023/11/26 13:26:25 [notice] 1#1: signal 17 (SIGCHLD) received from 33
2023/11/26 13:26:25 [notice] 1#1: worker process 33 exited with code 0
2023/11/26 13:26:25 [notice] 1#1: signal 29 (SIGIO) received
2023/11/26 13:26:25 [notice] 1#1: signal 17 (SIGCHLD) received from 32
2023/11/26 13:26:25 [notice] 1#1: worker process 32 exited with code 0
2023/11/26 13:26:25 [notice] 1#1: worker process 34 exited with code 0
2023/11/26 13:26:25 [notice] 1#1: exit
2023/11/26 13:27:28 [notice] 1#1: using the "epoll" event method
2023/11/26 13:27:28 [notice] 1#1: nginx/1.21.6
2023/11/26 13:27:28 [notice] 1#1: built by gcc 10.2.1 20210110 (Debian 10.2.1-6) 
2023/11/26 13:27:28 [notice] 1#1: OS: Linux 5.15.49-linuxkit
2023/11/26 13:27:28 [notice] 1#1: getrlimit(RLIMIT_NOFILE): 1048576:1048576
2023/11/26 13:27:28 [notice] 1#1: start worker processes
2023/11/26 13:27:28 [notice] 1#1: start worker process 30
2023/11/26 13:27:28 [notice] 1#1: start worker process 31
2023/11/26 13:27:28 [notice] 1#1: start worker process 32
2023/11/26 13:27:28 [notice] 1#1: start worker process 33
2023/11/26 13:48:56 [notice] 1#1: signal 3 (SIGQUIT) received, shutting down
2023/11/26 13:48:56 [notice] 31#31: gracefully shutting down
2023/11/26 13:48:56 [notice] 30#30: gracefully shutting down
2023/11/26 13:48:56 [notice] 32#32: gracefully shutting down
2023/11/26 13:48:56 [notice] 33#33: gracefully shutting down
2023/11/26 13:48:56 [notice] 31#31: exiting
2023/11/26 13:48:56 [notice] 31#31: exit
2023/11/26 13:48:56 [notice] 30#30: exiting
2023/11/26 13:48:56 [notice] 32#32: exiting
2023/11/26 13:48:56 [notice] 33#33: exiting
2023/11/26 13:48:56 [notice] 30#30: exit
2023/11/26 13:48:56 [notice] 32#32: exit
2023/11/26 13:48:56 [notice] 33#33: exit
2023/11/26 13:48:56 [notice] 1#1: signal 17 (SIGCHLD) received from 31
2023/11/26 13:48:56 [notice] 1#1: worker process 31 exited with code 0
2023/11/26 13:48:56 [notice] 1#1: worker process 32 exited with code 0
2023/11/26 13:48:56 [notice] 1#1: signal 29 (SIGIO) received
2023/11/26 13:48:56 [notice] 1#1: signal 17 (SIGCHLD) received from 30
2023/11/26 13:48:56 [notice] 1#1: worker process 30 exited with code 0
2023/11/26 13:48:56 [notice] 1#1: signal 29 (SIGIO) received
2023/11/26 13:48:56 [notice] 1#1: signal 17 (SIGCHLD) received from 33
2023/11/26 13:48:56 [notice] 1#1: worker process 33 exited with code 0
2023/11/26 13:48:56 [notice] 1#1: exit
2023/11/26 13:49:49 [notice] 1#1: using the "epoll" event method
2023/11/26 13:49:49 [notice] 1#1: nginx/1.21.6
2023/11/26 13:49:49 [notice] 1#1: built by gcc 10.2.1 20210110 (Debian 10.2.1-6) 
2023/11/26 13:49:49 [notice] 1#1: OS: Linux 5.15.49-linuxkit
2023/11/26 13:49:49 [notice] 1#1: getrlimit(RLIMIT_NOFILE): 1048576:1048576
2023/11/26 13:49:49 [notice] 1#1: start worker processes
2023/11/26 13:49:49 [notice] 1#1: start worker process 30
2023/11/26 13:49:49 [notice] 1#1: start worker process 31
2023/11/26 13:49:49 [notice] 1#1: start worker process 32
2023/11/26 13:49:49 [notice] 1#1: start worker process 33
2023/11/26 16:59:46 [error] 33#33: *1947 upstream timed out (110: Connection timed out) while reading response header from upstream, client: 172.23.0.1, server: localhost, request: "POST /manage/helper/api/callback HTTP/1.1", upstream: "http://unix:///backend/tmp/sockets/puma.sock/manage/helper/api/callback", host: "localhost", referrer: "http://localhost:3000/"
2023/11/26 17:01:42 [error] 33#33: *1951 upstream timed out (110: Connection timed out) while reading response header from upstream, client: 172.23.0.1, server: localhost, request: "POST /manage/helper/api/callback HTTP/1.1", upstream: "http://unix:///backend/tmp/sockets/puma.sock/manage/helper/api/callback", host: "localhost", referrer: "http://localhost:3000/"
2023/11/27 15:40:33 [notice] 1#1: signal 3 (SIGQUIT) received, shutting down
2023/11/27 15:40:33 [notice] 31#31: gracefully shutting down
2023/11/27 15:40:33 [notice] 30#30: gracefully shutting down
2023/11/27 15:40:33 [notice] 32#32: gracefully shutting down
2023/11/27 15:40:33 [notice] 30#30: exiting
2023/11/27 15:40:33 [notice] 30#30: exit
2023/11/27 15:40:33 [notice] 31#31: exiting
2023/11/27 15:40:33 [notice] 33#33: gracefully shutting down
2023/11/27 15:40:33 [notice] 31#31: exit
2023/11/27 15:40:33 [notice] 32#32: exiting
2023/11/27 15:40:33 [notice] 32#32: exit
2023/11/27 15:40:33 [notice] 33#33: exiting
2023/11/27 15:40:33 [notice] 33#33: exit
2023/11/27 15:40:33 [notice] 1#1: signal 17 (SIGCHLD) received from 31
2023/11/27 15:40:33 [notice] 1#1: worker process 31 exited with code 0
2023/11/27 15:40:33 [notice] 1#1: signal 29 (SIGIO) received
2023/11/27 15:40:33 [notice] 1#1: signal 17 (SIGCHLD) received from 30
2023/11/27 15:40:33 [notice] 1#1: worker process 30 exited with code 0
2023/11/27 15:40:33 [notice] 1#1: worker process 33 exited with code 0
2023/11/27 15:40:33 [notice] 1#1: signal 29 (SIGIO) received
2023/11/27 15:40:33 [notice] 1#1: signal 17 (SIGCHLD) received from 32
2023/11/27 15:40:33 [notice] 1#1: worker process 32 exited with code 0
2023/11/27 15:40:33 [notice] 1#1: exit
2023/11/27 15:42:14 [notice] 1#1: using the "epoll" event method
2023/11/27 15:42:14 [notice] 1#1: nginx/1.21.6
2023/11/27 15:42:14 [notice] 1#1: built by gcc 10.2.1 20210110 (Debian 10.2.1-6) 
2023/11/27 15:42:14 [notice] 1#1: OS: Linux 5.15.49-linuxkit
2023/11/27 15:42:14 [notice] 1#1: getrlimit(RLIMIT_NOFILE): 1048576:1048576
2023/11/27 15:42:14 [notice] 1#1: start worker processes
2023/11/27 15:42:14 [notice] 1#1: start worker process 29
2023/11/27 15:42:14 [notice] 1#1: start worker process 30
2023/11/27 15:42:14 [notice] 1#1: start worker process 31
2023/11/27 15:42:14 [notice] 1#1: start worker process 32
2023/11/27 16:07:30 [notice] 1#1: signal 3 (SIGQUIT) received, shutting down
2023/11/27 16:07:30 [notice] 29#29: gracefully shutting down
2023/11/27 16:07:30 [notice] 30#30: gracefully shutting down
2023/11/27 16:07:30 [notice] 31#31: gracefully shutting down
2023/11/27 16:07:30 [notice] 32#32: gracefully shutting down
2023/11/27 16:07:30 [notice] 29#29: exiting
2023/11/27 16:07:30 [notice] 30#30: exiting
2023/11/27 16:07:30 [notice] 31#31: exiting
2023/11/27 16:07:30 [notice] 32#32: exiting
2023/11/27 16:07:30 [notice] 32#32: exit
2023/11/27 16:07:30 [notice] 29#29: exit
2023/11/27 16:07:30 [notice] 30#30: exit
2023/11/27 16:07:30 [notice] 31#31: exit
2023/11/27 16:07:30 [notice] 1#1: signal 17 (SIGCHLD) received from 30
2023/11/27 16:07:30 [notice] 1#1: worker process 29 exited with code 0
2023/11/27 16:07:30 [notice] 1#1: worker process 30 exited with code 0
2023/11/27 16:07:30 [notice] 1#1: signal 29 (SIGIO) received
2023/11/27 16:07:30 [notice] 1#1: signal 17 (SIGCHLD) received from 31
2023/11/27 16:07:30 [notice] 1#1: worker process 31 exited with code 0
2023/11/27 16:07:30 [notice] 1#1: signal 29 (SIGIO) received
2023/11/27 16:07:30 [notice] 1#1: signal 17 (SIGCHLD) received from 32
2023/11/27 16:07:30 [notice] 1#1: worker process 32 exited with code 0
2023/11/27 16:07:30 [notice] 1#1: exit
2023/11/27 16:08:26 [notice] 1#1: using the "epoll" event method
2023/11/27 16:08:26 [notice] 1#1: nginx/1.21.6
2023/11/27 16:08:26 [notice] 1#1: built by gcc 10.2.1 20210110 (Debian 10.2.1-6) 
2023/11/27 16:08:26 [notice] 1#1: OS: Linux 5.15.49-linuxkit
2023/11/27 16:08:26 [notice] 1#1: getrlimit(RLIMIT_NOFILE): 1048576:1048576
2023/11/27 16:08:26 [notice] 1#1: start worker processes
2023/11/27 16:08:26 [notice] 1#1: start worker process 29
2023/11/27 16:08:26 [notice] 1#1: start worker process 30
2023/11/27 16:08:26 [notice] 1#1: start worker process 31
2023/11/27 16:08:26 [notice] 1#1: start worker process 32
